<?xml version="1.0" encoding="UTF-8"?>
<!-- Generated by org.testng.reporters.JUnitReportReporter -->
<testsuite skipped="0" hostname="LAPTOP-RRO4KGR3" name="com.testcases.flightTest" tests="1" failures="0" timestamp="23 Sep 2020 04:28:08 GMT" time="22.886" errors="0">
  <testcase name="flight_selection" time="22.886" classname="com.testcases.flightTest"/>
</testsuite> <!-- com.testcases.flightTest -->
